[07:59:10] [ServerMain/INFO]: Building unoptimized datafixer
[07:59:19] [ServerMain/INFO]: Environment: authHost='https://authserver.mojang.com', accountsHost='https://api.mojang.com', sessionHost='https://sessionserver.mojang.com', servicesHost='https://api.minecraftservices.com', name='PROD'
[07:59:33] [ServerMain/INFO]: Loaded 7 recipes
[07:59:38] [Server thread/INFO]: Starting minecraft server version 1.19.3
[07:59:38] [Server thread/INFO]: Loading properties
[07:59:39] [Server thread/INFO]: This server is running CraftBukkit version 3670-Spigot-454acb7-bd29f41 (MC: 1.19.3) (Implementing API version 1.19.3-R0.1-SNAPSHOT)
[07:59:39] [Server thread/INFO]: Debug logging is disabled
[07:59:39] [Server thread/INFO]: Server Ping Player Sample Count: 12
[07:59:39] [Server thread/INFO]: Using 4 threads for Netty based IO
[07:59:39] [Server thread/INFO]: Default game type: SURVIVAL
[07:59:39] [Server thread/INFO]: Generating keypair
[07:59:40] [Server thread/INFO]: Starting Minecraft server on *:7777
[07:59:41] [Server thread/INFO]: Using epoll channel type
[07:59:41] [Server thread/WARN]: Failed to find a usable hardware address from the network interfaces; using random bytes: f2:11:1c:90:f3:3e:d7:f9
[07:59:45] [Server thread/INFO]: [ViaVersion] Loading ViaVersion v4.6.2
[07:59:45] [Server thread/INFO]: [ViaVersion] ViaVersion 4.6.2 is now loaded. Registering protocol transformers and injecting...
[07:59:47] [Via-Mappingloader-0/INFO]: [ViaVersion] Loading block connection mappings ...
[07:59:48] [Server thread/INFO]: [ViaBackwards] Loading translations...
[07:59:48] [Server thread/INFO]: [ViaBackwards] Registering protocols...
[07:59:48] [Via-Mappingloader-0/INFO]: [ViaVersion] Using FastUtil Long2ObjectOpenHashMap for block connections
[07:59:50] [Server thread/INFO]: [ViaBackwards] Loading ViaBackwards v4.6.1
[07:59:50] [Server thread/INFO]: [ViaRewind] Loading ViaRewind v2.0.3
[07:59:50] [Server thread/INFO]: [ViaRewind] Enabling ViaRewind v2.0.3
[07:59:51] [Server thread/WARN]: **** SERVER IS RUNNING IN OFFLINE/INSECURE MODE!
[07:59:51] [Server thread/WARN]: The server will make no attempt to authenticate usernames. Beware.
[07:59:51] [Server thread/WARN]: While this makes the game possible to play without internet access, it also opens up the ability for hackers to connect with any username they choose.
[07:59:51] [Server thread/WARN]: To change this, set "online-mode" to "true" in the server.properties file.
[07:59:51] [Server thread/INFO]: Preparing level "world"
[07:59:52] [Server thread/INFO]: -------- World Settings For [world] --------
[07:59:52] [Server thread/INFO]: Experience Merge Radius: 3.0
[07:59:52] [Server thread/INFO]: Mob Spawn Range: 6
[07:59:52] [Server thread/INFO]: Custom Map Seeds:  Village: 10387312 Desert: 14357617 Igloo: 14357618 Jungle: 14357619 Swamp: 14357620 Monument: 10387313 Ocean: 14357621 Shipwreck: 165745295 End City: 10387313 Slime: 987234911 Nether: 30084232 Mansion: 10387319 Fossil: 14357921 Portal: 34222645
[07:59:52] [Server thread/INFO]: Max TNT Explosions: 100
[07:59:52] [Server thread/INFO]: Tile Max Tick Time: 50ms Entity max Tick Time: 50ms
[07:59:52] [Server thread/INFO]: Cactus Growth Modifier: 100%
[07:59:52] [Server thread/INFO]: Cane Growth Modifier: 100%
[07:59:52] [Server thread/INFO]: Melon Growth Modifier: 100%
[07:59:52] [Server thread/INFO]: Mushroom Growth Modifier: 100%
[07:59:52] [Server thread/INFO]: Pumpkin Growth Modifier: 100%
[07:59:52] [Server thread/INFO]: Sapling Growth Modifier: 100%
[07:59:52] [Server thread/INFO]: Beetroot Growth Modifier: 100%
[07:59:52] [Server thread/INFO]: Carrot Growth Modifier: 100%
[07:59:52] [Server thread/INFO]: Potato Growth Modifier: 100%
[07:59:52] [Server thread/INFO]: Wheat Growth Modifier: 100%
[07:59:52] [Server thread/INFO]: NetherWart Growth Modifier: 100%
[07:59:52] [Server thread/INFO]: Vine Growth Modifier: 100%
[07:59:52] [Server thread/INFO]: Cocoa Growth Modifier: 100%
[07:59:52] [Server thread/INFO]: Bamboo Growth Modifier: 100%
[07:59:52] [Server thread/INFO]: SweetBerry Growth Modifier: 100%
[07:59:52] [Server thread/INFO]: Kelp Growth Modifier: 100%
[07:59:52] [Server thread/INFO]: TwistingVines Growth Modifier: 100%
[07:59:52] [Server thread/INFO]: WeepingVines Growth Modifier: 100%
[07:59:52] [Server thread/INFO]: CaveVines Growth Modifier: 100%
[07:59:52] [Server thread/INFO]: Entity Activation Range: An 32 / Mo 32 / Ra 48 / Mi 16 / Tiv true / Isa false
[07:59:52] [Server thread/INFO]: Entity Tracking Range: Pl 48 / An 48 / Mo 48 / Mi 32 / Other 64
[07:59:52] [Server thread/INFO]: Hopper Transfer: 8 Hopper Check: 1 Hopper Amount: 1 Hopper Can Load Chunks: false
[07:59:52] [Server thread/INFO]: Item Merge Radius: 2.5
[07:59:52] [Server thread/INFO]: Item Despawn Rate: 6000
[07:59:52] [Server thread/INFO]: View Distance: 10
[07:59:52] [Server thread/INFO]: Simulation Distance: 10
[07:59:52] [Server thread/INFO]: Allow Zombie Pigmen to spawn from portal blocks: true
[07:59:52] [Server thread/INFO]: Arrow Despawn Rate: 1200 Trident Respawn Rate:1200
[07:59:52] [Server thread/INFO]: Zombie Aggressive Towards Villager: true
[07:59:52] [Server thread/INFO]: Nerfing mobs spawned from spawners: false
[07:59:55] [Server thread/INFO]: -------- World Settings For [world_nether] --------
[07:59:55] [Server thread/INFO]: Experience Merge Radius: 3.0
[07:59:55] [Server thread/INFO]: Mob Spawn Range: 6
[07:59:55] [Server thread/INFO]: Custom Map Seeds:  Village: 10387312 Desert: 14357617 Igloo: 14357618 Jungle: 14357619 Swamp: 14357620 Monument: 10387313 Ocean: 14357621 Shipwreck: 165745295 End City: 10387313 Slime: 987234911 Nether: 30084232 Mansion: 10387319 Fossil: 14357921 Portal: 34222645
[07:59:55] [Server thread/INFO]: Max TNT Explosions: 100
[07:59:55] [Server thread/INFO]: Tile Max Tick Time: 50ms Entity max Tick Time: 50ms
[07:59:55] [Server thread/INFO]: Cactus Growth Modifier: 100%
[07:59:55] [Server thread/INFO]: Cane Growth Modifier: 100%
[07:59:55] [Server thread/INFO]: Melon Growth Modifier: 100%
[07:59:55] [Server thread/INFO]: Mushroom Growth Modifier: 100%
[07:59:55] [Server thread/INFO]: Pumpkin Growth Modifier: 100%
[07:59:55] [Server thread/INFO]: Sapling Growth Modifier: 100%
[07:59:55] [Server thread/INFO]: Beetroot Growth Modifier: 100%
[07:59:55] [Server thread/INFO]: Carrot Growth Modifier: 100%
[07:59:55] [Server thread/INFO]: Potato Growth Modifier: 100%
[07:59:55] [Server thread/INFO]: Wheat Growth Modifier: 100%
[07:59:55] [Server thread/INFO]: NetherWart Growth Modifier: 100%
[07:59:55] [Server thread/INFO]: Vine Growth Modifier: 100%
[07:59:55] [Server thread/INFO]: Cocoa Growth Modifier: 100%
[07:59:55] [Server thread/INFO]: Bamboo Growth Modifier: 100%
[07:59:55] [Server thread/INFO]: SweetBerry Growth Modifier: 100%
[07:59:55] [Server thread/INFO]: Kelp Growth Modifier: 100%
[07:59:55] [Server thread/INFO]: TwistingVines Growth Modifier: 100%
[07:59:55] [Server thread/INFO]: WeepingVines Growth Modifier: 100%
[07:59:55] [Server thread/INFO]: CaveVines Growth Modifier: 100%
[07:59:55] [Server thread/INFO]: Entity Activation Range: An 32 / Mo 32 / Ra 48 / Mi 16 / Tiv true / Isa false
[07:59:55] [Server thread/INFO]: Entity Tracking Range: Pl 48 / An 48 / Mo 48 / Mi 32 / Other 64
[07:59:55] [Server thread/INFO]: Hopper Transfer: 8 Hopper Check: 1 Hopper Amount: 1 Hopper Can Load Chunks: false
[07:59:55] [Server thread/INFO]: Item Merge Radius: 2.5
[07:59:55] [Server thread/INFO]: Item Despawn Rate: 6000
[07:59:55] [Server thread/INFO]: View Distance: 10
[07:59:55] [Server thread/INFO]: Simulation Distance: 10
[07:59:55] [Server thread/INFO]: Allow Zombie Pigmen to spawn from portal blocks: true
[07:59:55] [Server thread/INFO]: Arrow Despawn Rate: 1200 Trident Respawn Rate:1200
[07:59:55] [Server thread/INFO]: Zombie Aggressive Towards Villager: true
[07:59:55] [Server thread/INFO]: Nerfing mobs spawned from spawners: false
[08:00:00] [Server thread/INFO]: -------- World Settings For [world_the_end] --------
[08:00:00] [Server thread/INFO]: Experience Merge Radius: 3.0
[08:00:00] [Server thread/INFO]: Mob Spawn Range: 6
[08:00:00] [Server thread/INFO]: Custom Map Seeds:  Village: 10387312 Desert: 14357617 Igloo: 14357618 Jungle: 14357619 Swamp: 14357620 Monument: 10387313 Ocean: 14357621 Shipwreck: 165745295 End City: 10387313 Slime: 987234911 Nether: 30084232 Mansion: 10387319 Fossil: 14357921 Portal: 34222645
[08:00:00] [Server thread/INFO]: Max TNT Explosions: 100
[08:00:00] [Server thread/INFO]: Tile Max Tick Time: 50ms Entity max Tick Time: 50ms
[08:00:00] [Server thread/INFO]: Cactus Growth Modifier: 100%
[08:00:00] [Server thread/INFO]: Cane Growth Modifier: 100%
[08:00:00] [Server thread/INFO]: Melon Growth Modifier: 100%
[08:00:00] [Server thread/INFO]: Mushroom Growth Modifier: 100%
[08:00:00] [Server thread/INFO]: Pumpkin Growth Modifier: 100%
[08:00:00] [Server thread/INFO]: Sapling Growth Modifier: 100%
[08:00:00] [Server thread/INFO]: Beetroot Growth Modifier: 100%
[08:00:00] [Server thread/INFO]: Carrot Growth Modifier: 100%
[08:00:00] [Server thread/INFO]: Potato Growth Modifier: 100%
[08:00:00] [Server thread/INFO]: Wheat Growth Modifier: 100%
[08:00:00] [Server thread/INFO]: NetherWart Growth Modifier: 100%
[08:00:00] [Server thread/INFO]: Vine Growth Modifier: 100%
[08:00:00] [Server thread/INFO]: Cocoa Growth Modifier: 100%
[08:00:00] [Server thread/INFO]: Bamboo Growth Modifier: 100%
[08:00:00] [Server thread/INFO]: SweetBerry Growth Modifier: 100%
[08:00:00] [Server thread/INFO]: Kelp Growth Modifier: 100%
[08:00:00] [Server thread/INFO]: TwistingVines Growth Modifier: 100%
[08:00:00] [Server thread/INFO]: WeepingVines Growth Modifier: 100%
[08:00:00] [Server thread/INFO]: CaveVines Growth Modifier: 100%
[08:00:00] [Server thread/INFO]: Entity Activation Range: An 32 / Mo 32 / Ra 48 / Mi 16 / Tiv true / Isa false
[08:00:00] [Server thread/INFO]: Entity Tracking Range: Pl 48 / An 48 / Mo 48 / Mi 32 / Other 64
[08:00:00] [Server thread/INFO]: Hopper Transfer: 8 Hopper Check: 1 Hopper Amount: 1 Hopper Can Load Chunks: false
[08:00:00] [Server thread/INFO]: Item Merge Radius: 2.5
[08:00:00] [Server thread/INFO]: Item Despawn Rate: 6000
[08:00:00] [Server thread/INFO]: View Distance: 10
[08:00:00] [Server thread/INFO]: Simulation Distance: 10
[08:00:00] [Server thread/INFO]: Allow Zombie Pigmen to spawn from portal blocks: true
[08:00:00] [Server thread/INFO]: Arrow Despawn Rate: 1200 Trident Respawn Rate:1200
[08:00:00] [Server thread/INFO]: Zombie Aggressive Towards Villager: true
[08:00:00] [Server thread/INFO]: Nerfing mobs spawned from spawners: false
[08:00:00] [Server thread/INFO]: Preparing start region for dimension minecraft:overworld
[08:00:32] [Worker-Main-1/INFO]: Preparing spawn area: 0%
[08:00:32] [Worker-Main-2/INFO]: Preparing spawn area: 0%
[08:00:32] [Worker-Main-2/INFO]: Preparing spawn area: 0%
[08:00:32] [Worker-Main-2/INFO]: Preparing spawn area: 0%
[08:00:32] [Worker-Main-3/INFO]: Preparing spawn area: 0%
[08:00:32] [Worker-Main-1/INFO]: Preparing spawn area: 0%
[08:00:32] [Worker-Main-1/INFO]: Preparing spawn area: 0%
[08:00:32] [Worker-Main-7/INFO]: Preparing spawn area: 0%
[08:00:32] [Worker-Main-4/INFO]: Preparing spawn area: 0%
[08:00:32] [Worker-Main-1/INFO]: Preparing spawn area: 0%
[08:00:32] [Worker-Main-1/INFO]: Preparing spawn area: 0%
[08:00:32] [Worker-Main-1/INFO]: Preparing spawn area: 0%
[08:00:32] [Worker-Main-4/INFO]: Preparing spawn area: 0%
[08:00:32] [Worker-Main-7/INFO]: Preparing spawn area: 0%
[08:00:32] [Worker-Main-5/INFO]: Preparing spawn area: 0%
[08:00:32] [Worker-Main-7/INFO]: Preparing spawn area: 0%
[08:00:32] [Worker-Main-7/INFO]: Preparing spawn area: 0%
[08:00:32] [Worker-Main-4/INFO]: Preparing spawn area: 0%
[08:00:32] [Worker-Main-7/INFO]: Preparing spawn area: 0%
[08:00:32] [Worker-Main-7/INFO]: Preparing spawn area: 0%
[08:00:32] [Worker-Main-7/INFO]: Preparing spawn area: 0%
[08:00:32] [Worker-Main-4/INFO]: Preparing spawn area: 0%
[08:00:32] [Worker-Main-4/INFO]: Preparing spawn area: 0%
[08:00:32] [Worker-Main-7/INFO]: Preparing spawn area: 0%
[08:00:32] [Worker-Main-7/INFO]: Preparing spawn area: 0%
[08:00:32] [Worker-Main-7/INFO]: Preparing spawn area: 0%
[08:00:32] [Worker-Main-7/INFO]: Preparing spawn area: 0%
[08:00:32] [Worker-Main-7/INFO]: Preparing spawn area: 0%
[08:00:32] [Worker-Main-7/INFO]: Preparing spawn area: 0%
[08:00:32] [Worker-Main-7/INFO]: Preparing spawn area: 0%
[08:00:32] [Worker-Main-1/INFO]: Preparing spawn area: 0%
[08:00:32] [Worker-Main-7/INFO]: Preparing spawn area: 0%
[08:00:32] [Worker-Main-7/INFO]: Preparing spawn area: 0%
[08:00:32] [Worker-Main-7/INFO]: Preparing spawn area: 0%
[08:00:32] [Worker-Main-7/INFO]: Preparing spawn area: 0%
[08:00:32] [Worker-Main-5/INFO]: Preparing spawn area: 0%
[08:00:32] [Worker-Main-5/INFO]: Preparing spawn area: 0%
[08:00:32] [Worker-Main-7/INFO]: Preparing spawn area: 0%
[08:00:32] [Worker-Main-1/INFO]: Preparing spawn area: 0%
[08:00:32] [Worker-Main-2/INFO]: Preparing spawn area: 0%
[08:00:32] [Worker-Main-2/INFO]: Preparing spawn area: 0%
[08:00:32] [Worker-Main-2/INFO]: Preparing spawn area: 0%
[08:00:32] [Worker-Main-2/INFO]: Preparing spawn area: 0%
[08:00:32] [Worker-Main-2/INFO]: Preparing spawn area: 0%
[08:00:32] [Worker-Main-4/INFO]: Preparing spawn area: 0%
[08:00:32] [Worker-Main-1/INFO]: Preparing spawn area: 0%
[08:00:32] [Worker-Main-2/INFO]: Preparing spawn area: 0%
[08:00:32] [Worker-Main-4/INFO]: Preparing spawn area: 0%
[08:00:32] [Worker-Main-4/INFO]: Preparing spawn area: 0%
[08:00:33] [Worker-Main-2/INFO]: Preparing spawn area: 0%
[08:00:33] [Worker-Main-2/INFO]: Preparing spawn area: 0%
[08:00:33] [Worker-Main-2/INFO]: Preparing spawn area: 0%
[08:00:33] [Worker-Main-5/INFO]: Preparing spawn area: 0%
[08:00:33] [Worker-Main-5/INFO]: Preparing spawn area: 0%
[08:00:33] [Worker-Main-5/INFO]: Preparing spawn area: 0%
[08:00:33] [Worker-Main-2/INFO]: Preparing spawn area: 0%
[08:00:33] [Worker-Main-2/INFO]: Preparing spawn area: 0%
[08:00:33] [Worker-Main-4/INFO]: Preparing spawn area: 0%
[08:00:33] [Worker-Main-4/INFO]: Preparing spawn area: 0%
[08:00:33] [Worker-Main-4/INFO]: Preparing spawn area: 0%
[08:00:33] [Worker-Main-4/INFO]: Preparing spawn area: 0%
[08:00:33] [Worker-Main-4/INFO]: Preparing spawn area: 0%
[08:00:33] [Worker-Main-4/INFO]: Preparing spawn area: 0%
[08:00:33] [Worker-Main-4/INFO]: Preparing spawn area: 0%
[08:00:33] [Worker-Main-4/INFO]: Preparing spawn area: 0%
[08:00:33] [Worker-Main-2/INFO]: Preparing spawn area: 0%
[08:00:33] [Worker-Main-4/INFO]: Preparing spawn area: 0%
[08:00:34] [Worker-Main-7/INFO]: Preparing spawn area: 0%
[08:00:34] [Worker-Main-4/INFO]: Preparing spawn area: 0%
[08:00:35] [Worker-Main-3/INFO]: Preparing spawn area: 0%
[08:00:35] [Worker-Main-4/INFO]: Preparing spawn area: 0%
[08:00:36] [Worker-Main-1/INFO]: Preparing spawn area: 0%
[08:00:36] [Worker-Main-3/INFO]: Preparing spawn area: 0%
[08:00:37] [Worker-Main-3/INFO]: Preparing spawn area: 0%
[08:00:37] [Worker-Main-4/INFO]: Preparing spawn area: 0%
[08:00:38] [Worker-Main-7/INFO]: Preparing spawn area: 0%
[08:00:38] [Worker-Main-4/INFO]: Preparing spawn area: 0%
[08:00:39] [Worker-Main-2/INFO]: Preparing spawn area: 0%
[08:00:39] [Worker-Main-6/INFO]: Preparing spawn area: 0%
[08:00:40] [Worker-Main-2/INFO]: Preparing spawn area: 0%
[08:00:40] [Worker-Main-3/INFO]: Preparing spawn area: 0%
[08:00:41] [Worker-Main-3/INFO]: Preparing spawn area: 0%
[08:00:41] [Worker-Main-2/INFO]: Preparing spawn area: 2%
[08:00:42] [Worker-Main-6/INFO]: Preparing spawn area: 4%
[08:00:42] [Worker-Main-4/INFO]: Preparing spawn area: 6%
[08:00:43] [Worker-Main-7/INFO]: Preparing spawn area: 9%
[08:00:43] [Worker-Main-2/INFO]: Preparing spawn area: 13%
[08:00:44] [Worker-Main-5/INFO]: Preparing spawn area: 17%
[08:00:44] [Worker-Main-2/INFO]: Preparing spawn area: 21%
[08:00:45] [Worker-Main-1/INFO]: Preparing spawn area: 24%
[08:00:45] [Worker-Main-6/INFO]: Preparing spawn area: 29%
[08:00:46] [Worker-Main-7/INFO]: Preparing spawn area: 32%
[08:00:46] [Worker-Main-1/INFO]: Preparing spawn area: 35%
[08:00:47] [Worker-Main-3/INFO]: Preparing spawn area: 41%
[08:00:47] [Worker-Main-2/INFO]: Preparing spawn area: 44%
[08:00:48] [Worker-Main-7/INFO]: Preparing spawn area: 51%
[08:00:48] [Worker-Main-6/INFO]: Preparing spawn area: 56%
[08:00:49] [Worker-Main-1/INFO]: Preparing spawn area: 62%
[08:00:49] [Worker-Main-2/INFO]: Preparing spawn area: 68%
[08:00:50] [Worker-Main-1/INFO]: Preparing spawn area: 75%
[08:00:50] [Worker-Main-5/INFO]: Preparing spawn area: 79%
[08:00:51] [Worker-Main-2/INFO]: Preparing spawn area: 83%
[08:00:51] [Worker-Main-2/INFO]: Preparing spawn area: 90%
[08:00:52] [Worker-Main-1/INFO]: Preparing spawn area: 93%
[08:00:52] [Server thread/INFO]: Time elapsed: 51984 ms
[08:00:53] [Server thread/INFO]: Preparing start region for dimension minecraft:the_nether
[08:01:09] [Worker-Main-4/INFO]: Preparing spawn area: 0%
[08:01:10] [Worker-Main-4/INFO]: Preparing spawn area: 0%
[08:01:10] [Worker-Main-4/INFO]: Preparing spawn area: 0%
[08:01:10] [Worker-Main-5/INFO]: Preparing spawn area: 0%
[08:01:10] [Worker-Main-5/INFO]: Preparing spawn area: 0%
[08:01:10] [Worker-Main-5/INFO]: Preparing spawn area: 0%
[08:01:10] [Worker-Main-5/INFO]: Preparing spawn area: 0%
[08:01:10] [Worker-Main-4/INFO]: Preparing spawn area: 0%
[08:01:10] [Worker-Main-4/INFO]: Preparing spawn area: 0%
[08:01:10] [Worker-Main-4/INFO]: Preparing spawn area: 0%
[08:01:10] [Worker-Main-5/INFO]: Preparing spawn area: 0%
[08:01:10] [Worker-Main-5/INFO]: Preparing spawn area: 0%
[08:01:10] [Worker-Main-4/INFO]: Preparing spawn area: 0%
[08:01:10] [Worker-Main-4/INFO]: Preparing spawn area: 0%
[08:01:10] [Worker-Main-4/INFO]: Preparing spawn area: 0%
[08:01:10] [Worker-Main-5/INFO]: Preparing spawn area: 0%
[08:01:10] [Worker-Main-5/INFO]: Preparing spawn area: 0%
[08:01:10] [Worker-Main-2/INFO]: Preparing spawn area: 0%
[08:01:10] [Worker-Main-2/INFO]: Preparing spawn area: 0%
[08:01:10] [Worker-Main-2/INFO]: Preparing spawn area: 0%
[08:01:10] [Worker-Main-2/INFO]: Preparing spawn area: 0%
[08:01:10] [Worker-Main-2/INFO]: Preparing spawn area: 0%
[08:01:10] [Worker-Main-5/INFO]: Preparing spawn area: 0%
[08:01:11] [Worker-Main-5/INFO]: Preparing spawn area: 0%
[08:01:11] [Worker-Main-5/INFO]: Preparing spawn area: 0%
[08:01:11] [Worker-Main-5/INFO]: Preparing spawn area: 0%
[08:01:11] [Worker-Main-2/INFO]: Preparing spawn area: 0%
[08:01:11] [Worker-Main-4/INFO]: Preparing spawn area: 0%
[08:01:11] [Worker-Main-4/INFO]: Preparing spawn area: 0%
[08:01:11] [Worker-Main-4/INFO]: Preparing spawn area: 0%
[08:01:11] [Worker-Main-4/INFO]: Preparing spawn area: 0%
[08:01:11] [Worker-Main-5/INFO]: Preparing spawn area: 0%
[08:01:11] [Worker-Main-5/INFO]: Preparing spawn area: 0%
[08:01:11] [Worker-Main-4/INFO]: Preparing spawn area: 0%
[08:01:11] [Worker-Main-4/INFO]: Preparing spawn area: 0%
[08:01:11] [Worker-Main-4/INFO]: Preparing spawn area: 0%
[08:01:11] [Worker-Main-4/INFO]: Preparing spawn area: 0%
[08:01:12] [Worker-Main-4/INFO]: Preparing spawn area: 0%
[08:01:12] [Worker-Main-5/INFO]: Preparing spawn area: 0%
[08:01:12] [Worker-Main-4/INFO]: Preparing spawn area: 0%
[08:01:13] [Worker-Main-5/INFO]: Preparing spawn area: 0%
[08:01:13] [Worker-Main-5/INFO]: Preparing spawn area: 0%
[08:01:14] [Worker-Main-1/INFO]: Preparing spawn area: 0%
[08:01:14] [Worker-Main-6/INFO]: Preparing spawn area: 0%
[08:01:15] [Worker-Main-5/INFO]: Preparing spawn area: 0%
[08:01:15] [Worker-Main-5/INFO]: Preparing spawn area: 0%
[08:01:16] [Worker-Main-3/INFO]: Preparing spawn area: 0%
[08:01:16] [Worker-Main-5/INFO]: Preparing spawn area: 0%
[08:01:17] [Worker-Main-2/INFO]: Preparing spawn area: 5%
[08:01:17] [Worker-Main-7/INFO]: Preparing spawn area: 9%
[08:01:18] [Worker-Main-1/INFO]: Preparing spawn area: 15%
[08:01:18] [Worker-Main-1/INFO]: Preparing spawn area: 21%
[08:01:19] [Worker-Main-6/INFO]: Preparing spawn area: 25%
[08:01:19] [Worker-Main-7/INFO]: Preparing spawn area: 31%
[08:01:20] [Worker-Main-6/INFO]: Preparing spawn area: 39%
[08:01:20] [Worker-Main-1/INFO]: Preparing spawn area: 45%
[08:01:21] [Worker-Main-4/INFO]: Preparing spawn area: 52%
[08:01:21] [Worker-Main-3/INFO]: Preparing spawn area: 57%
[08:01:22] [Worker-Main-6/INFO]: Preparing spawn area: 64%
[08:01:22] [Worker-Main-4/INFO]: Preparing spawn area: 70%
[08:01:23] [Worker-Main-4/INFO]: Preparing spawn area: 76%
[08:01:23] [Worker-Main-2/INFO]: Preparing spawn area: 83%
[08:01:24] [Worker-Main-7/INFO]: Preparing spawn area: 86%
[08:01:24] [Worker-Main-3/INFO]: Preparing spawn area: 90%
[08:01:25] [Worker-Main-3/INFO]: Preparing spawn area: 97%
[08:01:25] [Server thread/INFO]: Time elapsed: 32177 ms
[08:01:25] [Server thread/INFO]: Preparing start region for dimension minecraft:the_end
[08:01:44] [Worker-Main-1/INFO]: Preparing spawn area: 0%
[08:01:44] [Worker-Main-4/INFO]: Preparing spawn area: 0%
[08:01:44] [Worker-Main-4/INFO]: Preparing spawn area: 0%
[08:01:44] [Worker-Main-4/INFO]: Preparing spawn area: 0%
[08:01:44] [Worker-Main-4/INFO]: Preparing spawn area: 0%
[08:01:44] [Worker-Main-4/INFO]: Preparing spawn area: 0%
[08:01:44] [Worker-Main-2/INFO]: Preparing spawn area: 0%
[08:01:44] [Worker-Main-1/INFO]: Preparing spawn area: 0%
[08:01:44] [Worker-Main-1/INFO]: Preparing spawn area: 0%
[08:01:44] [Worker-Main-2/INFO]: Preparing spawn area: 0%
[08:01:44] [Worker-Main-2/INFO]: Preparing spawn area: 0%
[08:01:44] [Worker-Main-1/INFO]: Preparing spawn area: 0%
[08:01:44] [Worker-Main-2/INFO]: Preparing spawn area: 0%
[08:01:44] [Worker-Main-1/INFO]: Preparing spawn area: 0%
[08:01:45] [Worker-Main-2/INFO]: Preparing spawn area: 0%
[08:01:45] [Worker-Main-2/INFO]: Preparing spawn area: 0%
[08:01:45] [Worker-Main-4/INFO]: Preparing spawn area: 0%
[08:01:45] [Worker-Main-4/INFO]: Preparing spawn area: 0%
[08:01:45] [Worker-Main-2/INFO]: Preparing spawn area: 0%
[08:01:45] [Worker-Main-2/INFO]: Preparing spawn area: 0%
[08:01:45] [Worker-Main-2/INFO]: Preparing spawn area: 0%
[08:01:45] [Worker-Main-4/INFO]: Preparing spawn area: 0%
[08:01:45] [Worker-Main-1/INFO]: Preparing spawn area: 0%
[08:01:45] [Worker-Main-4/INFO]: Preparing spawn area: 0%
[08:01:45] [Worker-Main-2/INFO]: Preparing spawn area: 0%
[08:01:45] [Worker-Main-4/INFO]: Preparing spawn area: 0%
[08:01:45] [Worker-Main-4/INFO]: Preparing spawn area: 0%
[08:01:45] [Worker-Main-2/INFO]: Preparing spawn area: 0%
[08:01:45] [Worker-Main-4/INFO]: Preparing spawn area: 0%
[08:01:45] [Worker-Main-2/INFO]: Preparing spawn area: 0%
[08:01:45] [Worker-Main-4/INFO]: Preparing spawn area: 0%
[08:01:45] [Worker-Main-2/INFO]: Preparing spawn area: 0%
[08:01:45] [Worker-Main-1/INFO]: Preparing spawn area: 0%
[08:01:45] [Worker-Main-4/INFO]: Preparing spawn area: 0%
[08:01:45] [Worker-Main-2/INFO]: Preparing spawn area: 0%
[08:01:46] [Worker-Main-2/INFO]: Preparing spawn area: 0%
[08:01:46] [Worker-Main-4/INFO]: Preparing spawn area: 0%
[08:01:46] [Worker-Main-1/INFO]: Preparing spawn area: 0%
[08:01:46] [Worker-Main-4/INFO]: Preparing spawn area: 0%
[08:01:46] [Worker-Main-4/INFO]: Preparing spawn area: 0%
[08:01:46] [Worker-Main-4/INFO]: Preparing spawn area: 0%
[08:01:46] [Worker-Main-1/INFO]: Preparing spawn area: 0%
[08:01:46] [Worker-Main-2/INFO]: Preparing spawn area: 0%
[08:01:46] [Worker-Main-1/INFO]: Preparing spawn area: 0%
[08:01:47] [Worker-Main-4/INFO]: Preparing spawn area: 0%
[08:01:47] [Worker-Main-4/INFO]: Preparing spawn area: 0%
[08:01:48] [Worker-Main-5/INFO]: Preparing spawn area: 0%
[08:01:48] [Worker-Main-2/INFO]: Preparing spawn area: 0%
[08:01:49] [Worker-Main-2/INFO]: Preparing spawn area: 0%
[08:01:49] [Worker-Main-2/INFO]: Preparing spawn area: 2%
[08:01:50] [Worker-Main-4/INFO]: Preparing spawn area: 5%
[08:01:50] [Worker-Main-5/INFO]: Preparing spawn area: 10%
[08:01:51] [Worker-Main-4/INFO]: Preparing spawn area: 16%
[08:01:51] [Worker-Main-5/INFO]: Preparing spawn area: 22%
[08:01:52] [Worker-Main-7/INFO]: Preparing spawn area: 25%
[08:01:52] [Worker-Main-3/INFO]: Preparing spawn area: 32%
[08:01:53] [Worker-Main-5/INFO]: Preparing spawn area: 36%
[08:01:53] [Worker-Main-1/INFO]: Preparing spawn area: 42%
[08:01:54] [Worker-Main-3/INFO]: Preparing spawn area: 46%
[08:01:54] [Worker-Main-3/INFO]: Preparing spawn area: 54%
[08:01:55] [Worker-Main-3/INFO]: Preparing spawn area: 57%
[08:01:55] [Worker-Main-3/INFO]: Preparing spawn area: 66%
[08:01:56] [Worker-Main-4/INFO]: Preparing spawn area: 70%
[08:01:56] [Worker-Main-3/INFO]: Preparing spawn area: 75%
[08:01:57] [Worker-Main-5/INFO]: Preparing spawn area: 83%
[08:01:57] [Worker-Main-2/INFO]: Preparing spawn area: 86%
[08:01:58] [Worker-Main-4/INFO]: Preparing spawn area: 92%
[08:01:58] [Worker-Main-2/INFO]: Preparing spawn area: 99%
[08:01:58] [Server thread/INFO]: Time elapsed: 33546 ms
[08:01:58] [Server thread/INFO]: [ViaVersion] Enabling ViaVersion v4.6.2
[08:01:59] [Server thread/INFO]: [ViaBackwards] Enabling ViaBackwards v4.6.1
[08:01:59] [Server thread/INFO]: Server permissions file permissions.yml is empty, ignoring it
[08:01:59] [Server thread/INFO]: Done (127.380s)! For help, type "help"
[08:01:59] [Server thread/INFO]: [ViaVersion] ViaVersion detected server version: 1.19.3 (761)
[08:01:59] [Craft Scheduler Thread - 1/INFO]: [ViaVersion] Finished mapping loading, shutting down loader executor!
[08:02:10] [User Authenticator #1/INFO]: UUID of player Terminator897744 is dc4198d8-55e4-31f4-b87d-7ebac7786bf9
[08:02:12] [Server thread/INFO]: Terminator897744 joined the game
[08:02:12] [Netty Epoll Server IO #1/WARN]: [ViaBackwards] Custom worlds heights are NOT SUPPORTED for 1.16 players and older and may lead to errors!
[08:02:12] [Netty Epoll Server IO #1/WARN]: [ViaBackwards] You have min/max set to -64/256
[08:02:12] [Server thread/INFO]: Terminator897744[/[0:0:0:0:0:0:0:1%0]:43222] logged in with entity id 46 at ([world]-10.311077966948965, 65.0625, -9.699999988079071)
[08:02:14] [Netty Epoll Server IO #1/WARN]: [ViaBackwards] Ignoring plugin channel in incoming REGISTER: FML
[08:02:14] [Netty Epoll Server IO #1/WARN]: [ViaBackwards] Ignoring plugin channel in incoming REGISTER: FML
[08:02:14] [Netty Epoll Server IO #1/WARN]: [ViaBackwards] Ignoring plugin channel in incoming REGISTER: FORGE
[08:02:30] [User Authenticator #2/INFO]: UUID of player Pasaa_7777 is f4e6ceed-ae64-3970-a679-1d37de47d581
[08:02:31] [Server thread/INFO]: Pasaa_7777 joined the game
[08:02:31] [Server thread/INFO]: Pasaa_7777[/192.168.0.103:58121] logged in with entity id 47 at ([world]2.699999988079071, 65.0, -3.300000011920929)
[08:02:42] [Server thread/INFO]: Pasaa_7777 issued server command: /op Terminator897744
[08:02:42] [Server thread/INFO]: [Pasaa_7777: Made Terminator897744 a server operator]
[08:03:16] [Server thread/INFO]: Pasaa_7777 issued server command: /gamemode spectator
[08:03:16] [Server thread/INFO]: [Pasaa_7777: Set own game mode to Spectator Mode]
[08:03:17] [Server thread/INFO]: Pasaa_7777 issued server command: /gamemode survival
[08:03:17] [Server thread/INFO]: [Pasaa_7777: Set own game mode to Survival Mode]
[08:03:51] [Server thread/INFO]: Terminator897744 has made the advancement [Isn't It Iron Pick]
[08:04:15] [Server thread/INFO]: Terminator897744 has made the advancement [Suit Up]
[08:05:55] [Server thread/INFO]: Pasaa_7777 fell out of the world
[08:06:51] [Server thread/INFO]: Pasaa_7777 lost connection: Disconnected
[08:06:51] [Server thread/INFO]: Pasaa_7777 left the game
[08:08:15] [Server thread/INFO]: Terminator897744 fell out of the world
[08:08:38] [Server thread/INFO]: The difficulty has been set to Peaceful
[08:08:46] [Server thread/INFO]: Unknown command. Type "/help" for help.[m
[08:10:06] [Server thread/INFO]: Terminator897744 issued server command: /time set day
[08:10:07] [Server thread/INFO]: [Terminator897744: Set the time to 1000]
[08:11:04] [User Authenticator #3/INFO]: UUID of player Pasaa_7777 is f4e6ceed-ae64-3970-a679-1d37de47d581
[08:11:05] [Server thread/INFO]: Pasaa_7777 joined the game
[08:11:05] [Server thread/INFO]: Pasaa_7777[/192.168.0.103:58337] logged in with entity id 378 at ([world]2.777419139227897, 13.244230884186068, -10.939364778628548)
[08:11:17] [Server thread/INFO]: Pasaa_7777 issued server command: /gamemode spectator
[08:11:17] [Server thread/INFO]: [Pasaa_7777: Set own game mode to Spectator Mode]
[08:13:18] [Server thread/INFO]: Pasaa_7777 issued server command: /gamemode survival
[08:13:18] [Server thread/INFO]: [Pasaa_7777: Set own game mode to Survival Mode]
[08:14:01] [Async Chat Thread - #1/INFO]: [Not Secure] <Pasaa_7777> давай фотай меня
